TN:
SF:/Users/gurkiratsingh/Desktop/cyfrin/TOB Fuzz Echidina/part2/staker/node_modules/@openzeppelin/contracts/token/ERC20/ERC20.sol
DA:1,0
DA:35,0
DA:54,0
DA:55,0
DA:56,0
DA:62,0
DA:63,0
DA:70,0
DA:71,0
DA:87,0
DA:88,0
DA:94,0
DA:95,0
DA:101,39
DA:102,21
DA:113,0
DA:114,0
DA:115,0
DA:116,0
DA:122,7
DA:123,38
DA:136,0
DA:137,0
DA:138,0
DA:139,0
DA:158,40
DA:162,1
DA:163,7
DA:164,7
DA:165,7
DA:166,4
DA:181,0
DA:182,0
DA:183,0
DA:184,0
DA:201,0
DA:202,0
DA:203,0
DA:204,0
DA:206,0
DA:209,0
DA:226,5
DA:230,1
DA:231,10
DA:232,10
DA:234,7
DA:236,22
DA:237,7
DA:239,25
DA:242,31
DA:245,23
DA:247,7
DA:259,0
DA:260,0
DA:262,0
DA:264,0
DA:267,0
DA:269,0
DA:271,0
DA:316,5
DA:321,10
DA:322,10
DA:324,40
DA:325,23
DA:336,5
DA:340,1
DA:341,9
DA:342,6
DA:343,26
DA:345,9
DA:364,5
DA:384,5
end_of_record

SF:/Users/gurkiratsingh/Desktop/cyfrin/TOB Fuzz Echidina/part2/staker/node_modules/@openzeppelin/contracts/token/ERC20/IERC20.sol
end_of_record

SF:/Users/gurkiratsingh/Desktop/cyfrin/TOB Fuzz Echidina/part2/staker/node_modules/@openzeppelin/contracts/token/ERC20/extensions/IERC20Metadata.sol
end_of_record

SF:/Users/gurkiratsingh/Desktop/cyfrin/TOB Fuzz Echidina/part2/staker/node_modules/@openzeppelin/contracts/utils/Context.sol
DA:17,4
DA:18,3
end_of_record

SF:/Users/gurkiratsingh/Desktop/cyfrin/TOB Fuzz Echidina/part2/staker/contracts/SelfTemplate.sol
DA:8,55
DA:10,0
DA:12,0
DA:13,0
DA:17,28
DA:26,0
DA:27,0
DA:28,0
DA:29,0
DA:34,24
DA:38,82
DA:39,79
DA:41,79
DA:44,118
DA:45,79
DA:46,79
DA:50,87
DA:51,13
DA:52,0
DA:53,6
end_of_record

SF:/Users/gurkiratsingh/Desktop/cyfrin/TOB Fuzz Echidina/part2/staker/contracts/Solution.sol
DA:7,0
DA:9,0
DA:11,0
DA:12,0
DA:15,0
DA:19,0
DA:20,0
DA:22,0
DA:23,0
DA:28,0
DA:34,0
DA:36,0
DA:38,0
DA:40,0
DA:44,0
DA:46,0
DA:48,0
DA:50,0
DA:52,0
DA:54,0
DA:55,0
DA:57,0
DA:61,0
DA:63,0
DA:65,0
DA:67,0
DA:69,0
DA:71,0
DA:72,0
DA:74,0
end_of_record

SF:/Users/gurkiratsingh/Desktop/cyfrin/TOB Fuzz Echidina/part2/staker/contracts/Staker.sol
DA:6,39
DA:8,51
DA:10,0
DA:13,0
DA:14,0
DA:18,40
DA:20,91
DA:21,10
DA:24,3
DA:26,36
DA:30,0
DA:32,0
DA:34,0
DA:36,0
DA:37,0
DA:38,0
end_of_record

SF:/Users/gurkiratsingh/Desktop/cyfrin/TOB Fuzz Echidina/part2/staker/contracts/Template.sol
DA:7,55
DA:9,0
DA:11,0
DA:12,0
DA:17,0
DA:23,0
DA:24,0
DA:25,0
DA:29,0
DA:31,0
DA:33,0
DA:35,0
DA:37,0
DA:39,0
DA:42,0
DA:44,0
DA:46,0
DA:48,0
DA:50,0
DA:52,0
end_of_record

