TN:
SF:/Users/gurkiratsingh/Desktop/cyfrin/TOB Fuzz Echidina/part2/staker/node_modules/@openzeppelin/contracts/token/ERC20/ERC20.sol
DA:1,0
DA:35,0
DA:54,0
DA:55,0
DA:56,0
DA:62,0
DA:63,0
DA:70,0
DA:71,0
DA:87,0
DA:88,0
DA:94,0
DA:95,0
DA:101,0
DA:102,0
DA:113,0
DA:114,0
DA:115,0
DA:116,0
DA:122,0
DA:123,0
DA:136,0
DA:137,0
DA:138,0
DA:139,0
DA:158,0
DA:162,0
DA:163,0
DA:164,0
DA:165,0
DA:166,0
DA:181,0
DA:182,0
DA:183,0
DA:184,0
DA:201,0
DA:202,0
DA:203,0
DA:204,0
DA:206,0
DA:209,0
DA:226,0
DA:230,0
DA:231,0
DA:232,0
DA:234,0
DA:236,0
DA:237,0
DA:239,0
DA:242,0
DA:245,0
DA:247,0
DA:259,0
DA:260,0
DA:262,0
DA:264,0
DA:267,0
DA:269,0
DA:271,0
DA:316,0
DA:321,0
DA:322,0
DA:324,0
DA:325,0
DA:336,0
DA:340,0
DA:341,0
DA:342,0
DA:343,0
DA:345,0
DA:364,0
DA:384,0
end_of_record

SF:/Users/gurkiratsingh/Desktop/cyfrin/TOB Fuzz Echidina/part2/staker/node_modules/@openzeppelin/contracts/token/ERC20/IERC20.sol
end_of_record

SF:/Users/gurkiratsingh/Desktop/cyfrin/TOB Fuzz Echidina/part2/staker/node_modules/@openzeppelin/contracts/token/ERC20/extensions/IERC20Metadata.sol
end_of_record

SF:/Users/gurkiratsingh/Desktop/cyfrin/TOB Fuzz Echidina/part2/staker/node_modules/@openzeppelin/contracts/utils/Context.sol
DA:17,0
DA:18,0
end_of_record

SF:/Users/gurkiratsingh/Desktop/cyfrin/TOB Fuzz Echidina/part2/staker/contracts/SelfTemplate.sol
DA:8,0
DA:10,0
DA:12,0
DA:13,0
DA:17,33
DA:26,0
DA:27,0
DA:28,0
DA:29,0
DA:30,0
DA:72,18
DA:74,84
DA:76,0
DA:78,0
DA:80,0
DA:82,0
end_of_record

SF:/Users/gurkiratsingh/Desktop/cyfrin/TOB Fuzz Echidina/part2/staker/contracts/Solution.sol
DA:7,0
DA:9,0
DA:11,0
DA:12,0
DA:15,0
DA:19,0
DA:20,0
DA:22,0
DA:23,0
DA:28,0
DA:34,0
DA:36,0
DA:38,0
DA:40,0
DA:44,0
DA:46,0
DA:48,0
DA:50,0
DA:52,0
DA:54,0
DA:55,0
DA:57,0
DA:61,0
DA:63,0
DA:65,0
DA:67,0
DA:69,0
DA:71,0
DA:72,0
DA:74,0
end_of_record

SF:/Users/gurkiratsingh/Desktop/cyfrin/TOB Fuzz Echidina/part2/staker/contracts/Staker.sol
DA:6,24
DA:8,51
DA:10,0
DA:13,0
DA:14,0
DA:18,0
DA:20,0
DA:21,0
DA:24,0
DA:26,0
DA:30,0
DA:32,0
DA:34,0
DA:36,0
DA:37,0
DA:38,0
end_of_record

SF:/Users/gurkiratsingh/Desktop/cyfrin/TOB Fuzz Echidina/part2/staker/contracts/Template.sol
DA:7,0
DA:9,0
DA:11,0
DA:12,0
DA:17,0
DA:23,0
DA:24,0
DA:25,0
DA:29,0
DA:31,0
DA:33,0
DA:35,0
DA:37,0
DA:39,0
DA:42,0
DA:44,0
DA:46,0
DA:48,0
DA:50,0
DA:52,0
end_of_record

