TN:
SF:/Users/gurkiratsingh/Desktop/cyfrin/TOB Fuzz Echidina/part2/staker/node_modules/@openzeppelin/contracts/token/ERC20/ERC20.sol
DA:1,0
DA:35,0
DA:54,0
DA:55,0
DA:56,0
DA:62,0
DA:63,0
DA:70,0
DA:71,0
DA:87,0
DA:88,0
DA:94,0
DA:95,0
DA:101,39
DA:102,21
DA:113,40
DA:114,7
DA:115,7
DA:116,4
DA:122,0
DA:123,0
DA:136,0
DA:137,0
DA:138,0
DA:139,0
DA:158,0
DA:162,0
DA:163,0
DA:164,0
DA:165,0
DA:166,0
DA:181,0
DA:182,0
DA:183,0
DA:184,0
DA:201,0
DA:202,0
DA:203,0
DA:204,0
DA:206,0
DA:209,0
DA:226,5
DA:230,1
DA:231,10
DA:232,10
DA:234,7
DA:236,22
DA:237,7
DA:239,25
DA:242,31
DA:245,23
DA:247,7
DA:259,0
DA:260,0
DA:262,0
DA:264,0
DA:267,0
DA:269,0
DA:271,0
DA:316,0
DA:321,0
DA:322,0
DA:324,0
DA:325,0
DA:336,0
DA:340,0
DA:341,0
DA:342,0
DA:343,0
DA:345,0
DA:364,5
DA:384,5
end_of_record

SF:/Users/gurkiratsingh/Desktop/cyfrin/TOB Fuzz Echidina/part2/staker/node_modules/@openzeppelin/contracts/token/ERC20/IERC20.sol
end_of_record

SF:/Users/gurkiratsingh/Desktop/cyfrin/TOB Fuzz Echidina/part2/staker/node_modules/@openzeppelin/contracts/token/ERC20/extensions/IERC20Metadata.sol
end_of_record

SF:/Users/gurkiratsingh/Desktop/cyfrin/TOB Fuzz Echidina/part2/staker/node_modules/@openzeppelin/contracts/utils/Context.sol
DA:17,4
DA:18,3
end_of_record

SF:/Users/gurkiratsingh/Desktop/cyfrin/TOB Fuzz Echidina/part2/staker/contracts/SelfTemplate.sol
DA:8,70
DA:10,0
DA:12,0
DA:13,0
DA:16,40
DA:20,1
DA:21,4
DA:23,7
DA:24,4
DA:28,0
DA:37,0
DA:38,0
DA:39,0
DA:40,0
DA:46,0
DA:51,0
DA:53,0
DA:56,0
DA:57,0
DA:58,0
DA:62,0
DA:63,0
DA:64,0
DA:65,0
DA:84,0
DA:86,0
DA:88,0
DA:90,0
DA:92,0
DA:94,0
end_of_record

SF:/Users/gurkiratsingh/Desktop/cyfrin/TOB Fuzz Echidina/part2/staker/contracts/Solution.sol
DA:7,70
DA:9,0
DA:11,0
DA:12,0
DA:15,40
DA:19,1
DA:20,4
DA:22,7
DA:23,4
DA:28,33
DA:34,0
DA:36,0
DA:38,0
DA:40,0
DA:44,24
DA:46,85
DA:48,93
DA:50,79
DA:52,82
DA:54,87
DA:55,0
DA:57,0
DA:61,24
DA:63,85
DA:65,93
DA:67,79
DA:69,82
DA:71,88
DA:72,0
DA:74,0
end_of_record

SF:/Users/gurkiratsingh/Desktop/cyfrin/TOB Fuzz Echidina/part2/staker/contracts/Staker.sol
DA:6,39
DA:8,51
DA:10,0
DA:13,0
DA:14,0
DA:18,40
DA:20,84
DA:21,10
DA:24,3
DA:26,36
DA:30,40
DA:32,25
DA:34,36
DA:36,3
DA:37,82
DA:38,10
end_of_record

SF:/Users/gurkiratsingh/Desktop/cyfrin/TOB Fuzz Echidina/part2/staker/contracts/Template.sol
DA:7,0
DA:9,0
DA:11,0
DA:12,0
DA:17,0
DA:23,0
DA:24,0
DA:25,0
DA:29,0
DA:31,0
DA:33,0
DA:35,0
DA:37,0
DA:39,0
DA:42,0
DA:44,0
DA:46,0
DA:48,0
DA:50,0
DA:52,0
end_of_record

